# JRE version: OpenJDK Runtime Environment Temurin-17.0.8.1+1 (17.0.8.1+1) (build 17.0.8.1+1)
# Java VM: OpenJDK 64-Bit Server VM Temurin-17.0.8.1+1 (17.0.8.1+1, mixed mode, tiered, compressed oops, compressed class ptrs, g1 gc, windows-amd64)
GC Precious Log:
 CPUs: 8 total, 8 available
 Memory: 20369M
 Large Page Support: Disabled
 NUMA Support: Disabled
 Compressed Oops: Enabled (32-bit)
 Heap Region Size: 1M
 Heap Min Capacity: 256M
 Heap Initial Capacity: 256M
 Heap Max Capacity: 1G
 Pre-touch: Disabled
 Parallel Workers: 8
 Concurrent Workers: 2
 Concurrent Refinement Workers: 8
 Periodic GC: Disabled
 String Deduplication is enabled
Heap:
 garbage-first heap   total 365568K, used 323267K [0x00000000c0000000, 0x0000000100000000)
  region size 1024K, 7 young (7168K), 3 survivors (3072K)
 Metaspace       used 199146K, committed 202880K, reserved 1245184K
  class space    used 23295K, committed 24896K, reserved 1048576K
GC Heap History (20 events):
Event: 254.507 GC heap before
{Heap before GC invocations=51 (full 0):
 garbage-first heap   total 365568K, used 312064K [0x00000000c0000000, 0x0000000100000000)
  region size 1024K, 62 young (63488K), 5 survivors (5120K)
 Metaspace       used 172971K, committed 176192K, reserved 1245184K
  class space    used 20140K, committed 21568K, reserved 1048576K
}
Event: 254.511 GC heap after
{Heap after GC invocations=52 (full 0):
 garbage-first heap   total 365568K, used 253449K [0x00000000c0000000, 0x0000000100000000)
  region size 1024K, 4 young (4096K), 4 survivors (4096K)
 Metaspace       used 172971K, committed 176192K, reserved 1245184K
  class space    used 20140K, committed 21568K, reserved 1048576K
}
Event: 256.300 GC heap before
{Heap before GC invocations=52 (full 0):
 garbage-first heap   total 365568K, used 314889K [0x00000000c0000000, 0x0000000100000000)
  region size 1024K, 62 young (63488K), 4 survivors (4096K)
 Metaspace       used 173344K, committed 176640K, reserved 1245184K
  class space    used 20174K, committed 21632K, reserved 1048576K
}
Event: 256.304 GC heap after
{Heap after GC invocations=53 (full 0):
 garbage-first heap   total 365568K, used 255612K [0x00000000c0000000, 0x0000000100000000)
  region size 1024K, 4 young (4096K), 4 survivors (4096K)
 Metaspace       used 173344K, committed 176640K, reserved 1245184K
  class space    used 20174K, committed 21632K, reserved 1048576K
}
Event: 257.871 GC heap before
{Heap before GC invocations=53 (full 0):
 garbage-first heap   total 365568K, used 315004K [0x00000000c0000000, 0x0000000100000000)
  region size 1024K, 63 young (64512K), 4 survivors (4096K)
 Metaspace       used 186991K, committed 190272K, reserved 1245184K
  class space    used 21644K, committed 23104K, reserved 1048576K
}
Event: 257.876 GC heap after
{Heap after GC invocations=54 (full 0):
 garbage-first heap   total 365568K, used 259464K [0x00000000c0000000, 0x0000000100000000)
  region size 1024K, 8 young (8192K), 8 survivors (8192K)
 Metaspace       used 186991K, committed 190272K, reserved 1245184K
  class space    used 21644K, committed 23104K, reserved 1048576K
}
Event: 272.161 GC heap before
{Heap before GC invocations=54 (full 0):
 garbage-first heap   total 365568K, used 317832K [0x00000000c0000000, 0x0000000100000000)
  region size 1024K, 63 young (64512K), 8 survivors (8192K)
 Metaspace       used 187730K, committed 191040K, reserved 1245184K
  class space    used 21724K, committed 23168K, reserved 1048576K
}
Event: 272.168 GC heap after
{Heap after GC invocations=55 (full 0):
 garbage-first heap   total 365568K, used 262443K [0x00000000c0000000, 0x0000000100000000)
  region size 1024K, 6 young (6144K), 6 survivors (6144K)
 Metaspace       used 187730K, committed 191040K, reserved 1245184K
  class space    used 21724K, committed 23168K, reserved 1048576K
}
Event: 275.790 GC heap before
{Heap before GC invocations=55 (full 0):
 garbage-first heap   total 365568K, used 316715K [0x00000000c0000000, 0x0000000100000000)
  region size 1024K, 60 young (61440K), 6 survivors (6144K)
 Metaspace       used 194724K, committed 198272K, reserved 1245184K
  class space    used 22757K, committed 24320K, reserved 1048576K
}
Event: 275.802 GC heap after
{Heap after GC invocations=56 (full 0):
 garbage-first heap   total 365568K, used 265493K [0x00000000c0000000, 0x0000000100000000)
  region size 1024K, 7 young (7168K), 7 survivors (7168K)
 Metaspace       used 194724K, committed 198272K, reserved 1245184K
  class space    used 22757K, committed 24320K, reserved 1048576K
}
Event: 276.309 GC heap before
{Heap before GC invocations=56 (full 0):
 garbage-first heap   total 365568K, used 314645K [0x00000000c0000000, 0x0000000100000000)
  region size 1024K, 56 young (57344K), 7 survivors (7168K)
 Metaspace       used 195885K, committed 199424K, reserved 1245184K
  class space    used 22878K, committed 24384K, reserved 1048576K
}
Event: 276.322 GC heap after
{Heap after GC invocations=57 (full 0):
 garbage-first heap   total 365568K, used 272965K [0x00000000c0000000, 0x0000000100000000)
  region size 1024K, 7 young (7168K), 7 survivors (7168K)
 Metaspace       used 195885K, committed 199424K, reserved 1245184K
  class space    used 22878K, committed 24384K, reserved 1048576K
}
Event: 278.123 GC heap before
{Heap before GC invocations=57 (full 0):
 garbage-first heap   total 365568K, used 316997K [0x00000000c0000000, 0x0000000100000000)
  region size 1024K, 50 young (51200K), 7 survivors (7168K)
 Metaspace       used 196832K, committed 200512K, reserved 1245184K
  class space    used 22977K, committed 24576K, reserved 1048576K
}
Event: 278.133 GC heap after
{Heap after GC invocations=58 (full 0):
 garbage-first heap   total 365568K, used 276689K [0x00000000c0000000, 0x0000000100000000)
  region size 1024K, 5 young (5120K), 5 survivors (5120K)
 Metaspace       used 196832K, committed 200512K, reserved 1245184K
  class space    used 22977K, committed 24576K, reserved 1048576K
}
Event: 278.671 GC heap before
{Heap before GC invocations=58 (full 0):
 garbage-first heap   total 365568K, used 315601K [0x00000000c0000000, 0x0000000100000000)
  region size 1024K, 44 young (45056K), 5 survivors (5120K)
 Metaspace       used 198931K, committed 202688K, reserved 1245184K
  class space    used 23282K, committed 24896K, reserved 1048576K
}
Event: 278.691 GC heap after
{Heap after GC invocations=59 (full 0):
 garbage-first heap   total 365568K, used 299008K [0x00000000c0000000, 0x0000000100000000)
  region size 1024K, 6 young (6144K), 6 survivors (6144K)
 Metaspace       used 198931K, committed 202688K, reserved 1245184K
  class space    used 23282K, committed 24896K, reserved 1048576K
}
Event: 278.939 GC heap before
{Heap before GC invocations=59 (full 0):
 garbage-first heap   total 365568K, used 311296K [0x00000000c0000000, 0x0000000100000000)
  region size 1024K, 19 young (19456K), 6 survivors (6144K)
 Metaspace       used 199001K, committed 202688K, reserved 1245184K
  class space    used 23286K, committed 24896K, reserved 1048576K
}
Event: 278.953 GC heap after
{Heap after GC invocations=60 (full 0):
 garbage-first heap   total 365568K, used 311074K [0x00000000c0000000, 0x0000000100000000)
  region size 1024K, 3 young (3072K), 3 survivors (3072K)
 Metaspace       used 199001K, committed 202688K, reserved 1245184K
  class space    used 23286K, committed 24896K, reserved 1048576K
}
Event: 279.194 GC heap before
{Heap before GC invocations=60 (full 0):
 garbage-first heap   total 365568K, used 326434K [0x00000000c0000000, 0x0000000100000000)
  region size 1024K, 17 young (17408K), 3 survivors (3072K)
 Metaspace       used 199067K, committed 202816K, reserved 1245184K
  class space    used 23291K, committed 24896K, reserved 1048576K
}
Event: 279.207 GC heap after
{Heap after GC invocations=61 (full 0):
 garbage-first heap   total 365568K, used 326339K [0x00000000c0000000, 0x0000000100000000)
  region size 1024K, 3 young (3072K), 3 survivors (3072K)
 Metaspace       used 199067K, committed 202816K, reserved 1245184K
  class space    used 23291K, committed 24896K, reserved 1048576K
}

